{"level":"info","message":"App started on port 9000","service":"user-service"}
{"level":"info","message":"App started on port 9000","service":"user-service"}
{"level":"info","message":"App started on port 9000","service":"user-service"}
{"level":"info","message":"App started on port 9000","service":"user-service"}
{"level":"info","message":"App started on port 9000","service":"user-service"}
{"level":"info","message":"App started on port 9000","service":"user-service"}
{"level":"info","message":"App started on port 9000","service":"user-service"}
{"level":"info","message":"App started on port 9000","service":"user-service"}
{"kind":"ObjectId","level":"error","message":"Cast to ObjectId failed for value \"rrrtr\" (type string) at path \"_id\" for model \"Post\" Cast to ObjectId failed for value \"rrrtr\" (type string) at path \"_id\" for model \"Post\"","path":"_id","reason":{},"service":"user-service","stack":"CastError: Cast to ObjectId failed for value \"rrrtr\" (type string) at path \"_id\" for model \"Post\"\n    at ObjectId.cast (C:\\Users\\USER\\Documents\\Dev_Eddy\\Server\\node_modules\\mongoose\\lib\\schema\\objectid.js:250:11)\n    at SchemaType.applySetters (C:\\Users\\USER\\Documents\\Dev_Eddy\\Server\\node_modules\\mongoose\\lib\\schematype.js:1220:12)\n    at SchemaType.castForQuery (C:\\Users\\USER\\Documents\\Dev_Eddy\\Server\\node_modules\\mongoose\\lib\\schematype.js:1632:15)\n    at cast (C:\\Users\\USER\\Documents\\Dev_Eddy\\Server\\node_modules\\mongoose\\lib\\cast.js:370:32)\n    at Query.cast (C:\\Users\\USER\\Documents\\Dev_Eddy\\Server\\node_modules\\mongoose\\lib\\query.js:4911:12)\n    at Query._castConditions (C:\\Users\\USER\\Documents\\Dev_Eddy\\Server\\node_modules\\mongoose\\lib\\query.js:2232:10)\n    at model.Query._findOne (C:\\Users\\USER\\Documents\\Dev_Eddy\\Server\\node_modules\\mongoose\\lib\\query.js:2519:8)\n    at model.Query.exec (C:\\Users\\USER\\Documents\\Dev_Eddy\\Server\\node_modules\\mongoose\\lib\\query.js:4430:28)\n    at process.processTicksAndRejections (node:internal/process/task_queues:95:5)\n    at async getPost (C:\\Users\\USER\\Documents\\Dev_Eddy\\Server\\controllers\\blogpost.js:36:16)","stringValue":"\"rrrtr\"","value":"rrrtr","valueType":"string"}
{"level":"info","message":"App started on port 9000","service":"user-service"}
{"kind":"ObjectId","level":"error","message":"Cast to ObjectId failed for value \"rrr\" (type string) at path \"_id\" for model \"Post\" Cast to ObjectId failed for value \"rrr\" (type string) at path \"_id\" for model \"Post\"","path":"_id","reason":{},"service":"user-service","stack":"CastError: Cast to ObjectId failed for value \"rrr\" (type string) at path \"_id\" for model \"Post\"\n    at ObjectId.cast (C:\\Users\\USER\\Documents\\Dev_Eddy\\Server\\node_modules\\mongoose\\lib\\schema\\objectid.js:250:11)\n    at SchemaType.applySetters (C:\\Users\\USER\\Documents\\Dev_Eddy\\Server\\node_modules\\mongoose\\lib\\schematype.js:1220:12)\n    at SchemaType.castForQuery (C:\\Users\\USER\\Documents\\Dev_Eddy\\Server\\node_modules\\mongoose\\lib\\schematype.js:1632:15)\n    at cast (C:\\Users\\USER\\Documents\\Dev_Eddy\\Server\\node_modules\\mongoose\\lib\\cast.js:370:32)\n    at Query.cast (C:\\Users\\USER\\Documents\\Dev_Eddy\\Server\\node_modules\\mongoose\\lib\\query.js:4911:12)\n    at Query._castConditions (C:\\Users\\USER\\Documents\\Dev_Eddy\\Server\\node_modules\\mongoose\\lib\\query.js:2232:10)\n    at model.Query._findOne (C:\\Users\\USER\\Documents\\Dev_Eddy\\Server\\node_modules\\mongoose\\lib\\query.js:2519:8)\n    at model.Query.exec (C:\\Users\\USER\\Documents\\Dev_Eddy\\Server\\node_modules\\mongoose\\lib\\query.js:4430:28)\n    at process.processTicksAndRejections (node:internal/process/task_queues:95:5)\n    at async getPost (C:\\Users\\USER\\Documents\\Dev_Eddy\\Server\\controllers\\blogpost.js:36:16)","stringValue":"\"rrr\"","value":"rrr","valueType":"string"}
{"kind":"ObjectId","level":"error","message":"Cast to ObjectId failed for value \"rrr\" (type string) at path \"_id\" for model \"Post\" Cast to ObjectId failed for value \"rrr\" (type string) at path \"_id\" for model \"Post\"","path":"_id","reason":{},"service":"user-service","stack":"CastError: Cast to ObjectId failed for value \"rrr\" (type string) at path \"_id\" for model \"Post\"\n    at ObjectId.cast (C:\\Users\\USER\\Documents\\Dev_Eddy\\Server\\node_modules\\mongoose\\lib\\schema\\objectid.js:250:11)\n    at SchemaType.applySetters (C:\\Users\\USER\\Documents\\Dev_Eddy\\Server\\node_modules\\mongoose\\lib\\schematype.js:1220:12)\n    at SchemaType.castForQuery (C:\\Users\\USER\\Documents\\Dev_Eddy\\Server\\node_modules\\mongoose\\lib\\schematype.js:1632:15)\n    at cast (C:\\Users\\USER\\Documents\\Dev_Eddy\\Server\\node_modules\\mongoose\\lib\\cast.js:370:32)\n    at Query.cast (C:\\Users\\USER\\Documents\\Dev_Eddy\\Server\\node_modules\\mongoose\\lib\\query.js:4911:12)\n    at Query._castConditions (C:\\Users\\USER\\Documents\\Dev_Eddy\\Server\\node_modules\\mongoose\\lib\\query.js:2232:10)\n    at model.Query._findOne (C:\\Users\\USER\\Documents\\Dev_Eddy\\Server\\node_modules\\mongoose\\lib\\query.js:2519:8)\n    at model.Query.exec (C:\\Users\\USER\\Documents\\Dev_Eddy\\Server\\node_modules\\mongoose\\lib\\query.js:4430:28)\n    at process.processTicksAndRejections (node:internal/process/task_queues:95:5)\n    at async getPost (C:\\Users\\USER\\Documents\\Dev_Eddy\\Server\\controllers\\blogpost.js:36:16)","stringValue":"\"rrr\"","value":"rrr","valueType":"string"}
{"level":"info","message":"App started on port 9000","service":"user-service"}
{"level":"info","message":"App started on port 9000","service":"user-service"}
{"level":"info","message":"App started on port 9000","service":"user-service"}
{"level":"info","message":"App started on port 9000","service":"user-service"}
{"level":"info","message":"App started on port 9000","service":"user-service"}
{"level":"info","message":"App started on port 9000","service":"user-service"}
{"level":"info","message":"App started on port 9000","service":"user-service"}
{"level":"info","message":"App started on port 9000","service":"user-service"}
{"level":"info","message":"App started on port 9000","service":"user-service"}
{"level":"info","message":"App started on port 9000","service":"user-service"}
{"level":"info","message":"App started on port 9000","service":"user-service"}
{"level":"info","message":"App started on port 9000","service":"user-service"}
{"level":"info","message":"App started on port 9000","service":"user-service"}
{"level":"info","message":"App started on port 9000","service":"user-service"}
{"level":"info","message":"App started on port 9000","service":"user-service"}
{"level":"info","message":"App started on port 9000","service":"user-service"}
{"kind":"ObjectId","level":"error","message":"Cast to ObjectId failed for value \"3eedee\" (type string) at path \"_id\" for model \"Post\" Cast to ObjectId failed for value \"3eedee\" (type string) at path \"_id\" for model \"Post\"","path":"_id","reason":{},"service":"user-service","stack":"CastError: Cast to ObjectId failed for value \"3eedee\" (type string) at path \"_id\" for model \"Post\"\n    at ObjectId.cast (C:\\Users\\USER\\Documents\\Dev_Eddy\\Server\\node_modules\\mongoose\\lib\\schema\\objectid.js:250:11)\n    at SchemaType.applySetters (C:\\Users\\USER\\Documents\\Dev_Eddy\\Server\\node_modules\\mongoose\\lib\\schematype.js:1220:12)\n    at SchemaType.castForQuery (C:\\Users\\USER\\Documents\\Dev_Eddy\\Server\\node_modules\\mongoose\\lib\\schematype.js:1632:15)\n    at cast (C:\\Users\\USER\\Documents\\Dev_Eddy\\Server\\node_modules\\mongoose\\lib\\cast.js:370:32)\n    at Query.cast (C:\\Users\\USER\\Documents\\Dev_Eddy\\Server\\node_modules\\mongoose\\lib\\query.js:4911:12)\n    at Query._castConditions (C:\\Users\\USER\\Documents\\Dev_Eddy\\Server\\node_modules\\mongoose\\lib\\query.js:2232:10)\n    at model.Query._findOne (C:\\Users\\USER\\Documents\\Dev_Eddy\\Server\\node_modules\\mongoose\\lib\\query.js:2519:8)\n    at model.Query.exec (C:\\Users\\USER\\Documents\\Dev_Eddy\\Server\\node_modules\\mongoose\\lib\\query.js:4430:28)\n    at process.processTicksAndRejections (node:internal/process/task_queues:95:5)\n    at async getPost (C:\\Users\\USER\\Documents\\Dev_Eddy\\Server\\controllers\\blogpost.js:36:16)","stringValue":"\"3eedee\"","value":"3eedee","valueType":"string"}
{"kind":"ObjectId","level":"error","message":"Cast to ObjectId failed for value \"3eedee\" (type string) at path \"_id\" for model \"Post\" Cast to ObjectId failed for value \"3eedee\" (type string) at path \"_id\" for model \"Post\"","path":"_id","reason":{},"service":"user-service","stack":"CastError: Cast to ObjectId failed for value \"3eedee\" (type string) at path \"_id\" for model \"Post\"\n    at ObjectId.cast (C:\\Users\\USER\\Documents\\Dev_Eddy\\Server\\node_modules\\mongoose\\lib\\schema\\objectid.js:250:11)\n    at SchemaType.applySetters (C:\\Users\\USER\\Documents\\Dev_Eddy\\Server\\node_modules\\mongoose\\lib\\schematype.js:1220:12)\n    at SchemaType.castForQuery (C:\\Users\\USER\\Documents\\Dev_Eddy\\Server\\node_modules\\mongoose\\lib\\schematype.js:1632:15)\n    at cast (C:\\Users\\USER\\Documents\\Dev_Eddy\\Server\\node_modules\\mongoose\\lib\\cast.js:370:32)\n    at Query.cast (C:\\Users\\USER\\Documents\\Dev_Eddy\\Server\\node_modules\\mongoose\\lib\\query.js:4911:12)\n    at Query._castConditions (C:\\Users\\USER\\Documents\\Dev_Eddy\\Server\\node_modules\\mongoose\\lib\\query.js:2232:10)\n    at model.Query._findOne (C:\\Users\\USER\\Documents\\Dev_Eddy\\Server\\node_modules\\mongoose\\lib\\query.js:2519:8)\n    at model.Query.exec (C:\\Users\\USER\\Documents\\Dev_Eddy\\Server\\node_modules\\mongoose\\lib\\query.js:4430:28)\n    at process.processTicksAndRejections (node:internal/process/task_queues:95:5)\n    at async getPost (C:\\Users\\USER\\Documents\\Dev_Eddy\\Server\\controllers\\blogpost.js:36:16)","stringValue":"\"3eedee\"","value":"3eedee","valueType":"string"}
{"level":"info","message":"App started on port 9000","service":"user-service"}
{"kind":"ObjectId","level":"error","message":"Cast to ObjectId failed for value \"3eedee\" (type string) at path \"_id\" for model \"Post\" Cast to ObjectId failed for value \"3eedee\" (type string) at path \"_id\" for model \"Post\"","path":"_id","reason":{},"service":"user-service","stack":"CastError: Cast to ObjectId failed for value \"3eedee\" (type string) at path \"_id\" for model \"Post\"\n    at ObjectId.cast (C:\\Users\\USER\\Documents\\Dev_Eddy\\Server\\node_modules\\mongoose\\lib\\schema\\objectid.js:250:11)\n    at SchemaType.applySetters (C:\\Users\\USER\\Documents\\Dev_Eddy\\Server\\node_modules\\mongoose\\lib\\schematype.js:1220:12)\n    at SchemaType.castForQuery (C:\\Users\\USER\\Documents\\Dev_Eddy\\Server\\node_modules\\mongoose\\lib\\schematype.js:1632:15)\n    at cast (C:\\Users\\USER\\Documents\\Dev_Eddy\\Server\\node_modules\\mongoose\\lib\\cast.js:370:32)\n    at Query.cast (C:\\Users\\USER\\Documents\\Dev_Eddy\\Server\\node_modules\\mongoose\\lib\\query.js:4911:12)\n    at Query._castConditions (C:\\Users\\USER\\Documents\\Dev_Eddy\\Server\\node_modules\\mongoose\\lib\\query.js:2232:10)\n    at model.Query._findOne (C:\\Users\\USER\\Documents\\Dev_Eddy\\Server\\node_modules\\mongoose\\lib\\query.js:2519:8)\n    at model.Query.exec (C:\\Users\\USER\\Documents\\Dev_Eddy\\Server\\node_modules\\mongoose\\lib\\query.js:4430:28)\n    at process.processTicksAndRejections (node:internal/process/task_queues:95:5)\n    at async getPost (C:\\Users\\USER\\Documents\\Dev_Eddy\\Server\\controllers\\blogpost.js:36:16)","stringValue":"\"3eedee\"","value":"3eedee","valueType":"string"}
{"level":"info","message":"App started on port 9000","service":"user-service"}
{"level":"info","message":"App started on port 9000","service":"user-service"}
{"level":"info","message":"App started on port 9000","service":"user-service"}
{"level":"info","message":"App started on port 9000","service":"user-service"}
{"level":"info","message":"App started on port 9000","service":"user-service"}
{"level":"info","message":"App started on port 9000","service":"user-service"}
{"level":"info","message":"App started on port 9000","service":"user-service"}
{"level":"info","message":"App started on port 9000","service":"user-service"}
{"level":"info","message":"App started on port 9000","service":"user-service"}
{"level":"info","message":"App started on port 9000","service":"user-service"}
{"level":"info","message":"App started on port 9000","service":"user-service"}
{"level":"info","message":"App started on port 9000","service":"user-service"}
{"level":"info","message":"App started on port 9000","service":"user-service"}
{"level":"info","message":"App started on port 9000","service":"user-service"}
{"level":"info","message":"App started on port 9000","service":"user-service"}
{"level":"info","message":"App started on port 9000","service":"user-service"}
{"level":"info","message":"App started on port 9000","service":"user-service"}
{"level":"info","message":"App started on port 9000","service":"user-service"}
{"level":"info","message":"App started on port 9000","service":"user-service"}
{"level":"info","message":"App started on port 9000","service":"user-service"}
{"level":"info","message":"App started on port 9000","service":"user-service"}
{"level":"info","message":"App started on port 9000","service":"user-service"}
{"level":"info","message":"App started on port 9000","service":"user-service"}
{"level":"info","message":"App started on port 9000","service":"user-service"}
{"level":"info","message":"App started on port 9000","service":"user-service"}
{"level":"info","message":"App started on port 9000","service":"user-service"}
{"level":"info","message":"App started on port 9000","service":"user-service"}
{"level":"info","message":"Connected to database...","service":"user-service"}
{"level":"info","message":"App started on port 9000","service":"user-service"}
{"level":"info","message":"Connected to database.","service":"user-service"}
{"level":"info","message":"App started on port 9000","service":"user-service"}
{"level":"info","message":"Connected to database.","service":"user-service"}
{"level":"info","message":"App started on port 9000","service":"user-service"}
{"level":"info","message":"Connected to database...","service":"user-service"}
{"level":"info","message":"App started on port 9000","service":"user-service"}
{"level":"info","message":"Connected to database...","service":"user-service"}
{"level":"info","message":"App started on port 9000","service":"user-service"}
{"level":"info","message":"Connected to database...","service":"user-service"}
{"level":"info","message":"App started on port 9000","service":"user-service"}
{"level":"info","message":"Connected to database...","service":"user-service"}
{"level":"info","message":"App started on port 9000","service":"user-service"}
{"level":"info","message":"Connected to database...","service":"user-service"}
{"level":"info","message":"App started on port 9000","service":"user-service"}
{"level":"info","message":"Connected to database...","service":"user-service"}
{"level":"info","message":"App started on port 9000","service":"user-service"}
{"level":"info","message":"Connected to database...","service":"user-service"}
{"level":"info","message":"App started on port 9000","service":"user-service"}
{"level":"info","message":"Connected to database...","service":"user-service"}
{"level":"info","message":"App started on port 9000","service":"user-service"}
{"level":"info","message":"Connected to database...","service":"user-service"}
{"level":"info","message":"App started on port 9000","service":"user-service"}
{"level":"info","message":"App started on port 9000","service":"user-service"}
{"level":"info","message":"App started on port 9000","service":"user-service"}
{"level":"info","message":"Connected to database...","service":"user-service"}
{"level":"info","message":"Connected to database...","service":"user-service"}
{"level":"info","message":"Connected to database...","service":"user-service"}
{"level":"info","message":"Connected to database...","service":"user-service"}
{"level":"info","message":"Connected to database...","service":"user-service"}
{"level":"info","message":"Connected to database...","service":"user-service"}
{"level":"error","message":"Cannot destructure property '_id' of 'req.user' as it is undefined. Cannot destructure property '_id' of 'req.user' as it is undefined.","service":"user-service","stack":"TypeError: Cannot destructure property '_id' of 'req.user' as it is undefined.\n    at createPost (C:\\Users\\USER\\Documents\\Dev_Eddy\\Server\\controllers\\blogpost.js:7:16)\n    at createPost (C:\\Users\\USER\\Documents\\Dev_Eddy\\Server\\controllers\\blogpost.js:8:22)\n    at newFn (C:\\Users\\USER\\Documents\\Dev_Eddy\\Server\\node_modules\\express-async-errors\\index.js:16:20)\n    at Layer.handle [as handle_request] (C:\\Users\\USER\\Documents\\Dev_Eddy\\Server\\node_modules\\express\\lib\\router\\layer.js:95:5)\n    at next (C:\\Users\\USER\\Documents\\Dev_Eddy\\Server\\node_modules\\express\\lib\\router\\route.js:144:13)\n    at auth (C:\\Users\\USER\\Documents\\Dev_Eddy\\Server\\middleware\\auth.js:13:5)\n    at newFn (C:\\Users\\USER\\Documents\\Dev_Eddy\\Server\\node_modules\\express-async-errors\\index.js:16:20)\n    at Layer.handle [as handle_request] (C:\\Users\\USER\\Documents\\Dev_Eddy\\Server\\node_modules\\express\\lib\\router\\layer.js:95:5)\n    at next (C:\\Users\\USER\\Documents\\Dev_Eddy\\Server\\node_modules\\express\\lib\\router\\route.js:144:13)\n    at Route.dispatch (C:\\Users\\USER\\Documents\\Dev_Eddy\\Server\\node_modules\\express\\lib\\router\\route.js:114:3)"}
{"level":"info","message":"Connected to database...","service":"user-service"}
{"level":"error","message":"Cannot destructure property '_id' of 'req.user' as it is undefined. Cannot destructure property '_id' of 'req.user' as it is undefined.","service":"user-service","stack":"TypeError: Cannot destructure property '_id' of 'req.user' as it is undefined.\n    at createPost (C:\\Users\\USER\\Documents\\Dev_Eddy\\Server\\controllers\\blogpost.js:7:16)\n    at createPost (C:\\Users\\USER\\Documents\\Dev_Eddy\\Server\\controllers\\blogpost.js:8:22)\n    at newFn (C:\\Users\\USER\\Documents\\Dev_Eddy\\Server\\node_modules\\express-async-errors\\index.js:16:20)\n    at Layer.handle [as handle_request] (C:\\Users\\USER\\Documents\\Dev_Eddy\\Server\\node_modules\\express\\lib\\router\\layer.js:95:5)\n    at next (C:\\Users\\USER\\Documents\\Dev_Eddy\\Server\\node_modules\\express\\lib\\router\\route.js:144:13)\n    at auth (C:\\Users\\USER\\Documents\\Dev_Eddy\\Server\\middleware\\auth.js:13:5)\n    at newFn (C:\\Users\\USER\\Documents\\Dev_Eddy\\Server\\node_modules\\express-async-errors\\index.js:16:20)\n    at Layer.handle [as handle_request] (C:\\Users\\USER\\Documents\\Dev_Eddy\\Server\\node_modules\\express\\lib\\router\\layer.js:95:5)\n    at next (C:\\Users\\USER\\Documents\\Dev_Eddy\\Server\\node_modules\\express\\lib\\router\\route.js:144:13)\n    at Route.dispatch (C:\\Users\\USER\\Documents\\Dev_Eddy\\Server\\node_modules\\express\\lib\\router\\route.js:114:3)"}
{"level":"info","message":"Connected to database...","service":"user-service"}
{"level":"error","message":"Cannot destructure property '_id' of 'req.user' as it is undefined. Cannot destructure property '_id' of 'req.user' as it is undefined.","service":"user-service","stack":"TypeError: Cannot destructure property '_id' of 'req.user' as it is undefined.\n    at createPost (C:\\Users\\USER\\Documents\\Dev_Eddy\\Server\\controllers\\blogpost.js:7:16)\n    at createPost (C:\\Users\\USER\\Documents\\Dev_Eddy\\Server\\controllers\\blogpost.js:8:22)\n    at newFn (C:\\Users\\USER\\Documents\\Dev_Eddy\\Server\\node_modules\\express-async-errors\\index.js:16:20)\n    at Layer.handle [as handle_request] (C:\\Users\\USER\\Documents\\Dev_Eddy\\Server\\node_modules\\express\\lib\\router\\layer.js:95:5)\n    at next (C:\\Users\\USER\\Documents\\Dev_Eddy\\Server\\node_modules\\express\\lib\\router\\route.js:144:13)\n    at auth (C:\\Users\\USER\\Documents\\Dev_Eddy\\Server\\middleware\\auth.js:13:5)\n    at newFn (C:\\Users\\USER\\Documents\\Dev_Eddy\\Server\\node_modules\\express-async-errors\\index.js:16:20)\n    at Layer.handle [as handle_request] (C:\\Users\\USER\\Documents\\Dev_Eddy\\Server\\node_modules\\express\\lib\\router\\layer.js:95:5)\n    at next (C:\\Users\\USER\\Documents\\Dev_Eddy\\Server\\node_modules\\express\\lib\\router\\route.js:144:13)\n    at Route.dispatch (C:\\Users\\USER\\Documents\\Dev_Eddy\\Server\\node_modules\\express\\lib\\router\\route.js:114:3)"}
{"level":"info","message":"Connected to database...","service":"user-service"}
{"level":"info","message":"Connected to database...","service":"user-service"}
{"level":"error","message":"Cannot read properties of undefined (reading '_id') Cannot read properties of undefined (reading '_id')","service":"user-service","stack":"TypeError: Cannot read properties of undefined (reading '_id')\n    at createPost (C:\\Users\\USER\\Documents\\Dev_Eddy\\Server\\controllers\\blogpost.js:7:27)\n    at createPost (C:\\Users\\USER\\Documents\\Dev_Eddy\\Server\\controllers\\blogpost.js:8:22)\n    at newFn (C:\\Users\\USER\\Documents\\Dev_Eddy\\Server\\node_modules\\express-async-errors\\index.js:16:20)\n    at Layer.handle [as handle_request] (C:\\Users\\USER\\Documents\\Dev_Eddy\\Server\\node_modules\\express\\lib\\router\\layer.js:95:5)\n    at next (C:\\Users\\USER\\Documents\\Dev_Eddy\\Server\\node_modules\\express\\lib\\router\\route.js:144:13)\n    at auth (C:\\Users\\USER\\Documents\\Dev_Eddy\\Server\\middleware\\auth.js:13:5)\n    at newFn (C:\\Users\\USER\\Documents\\Dev_Eddy\\Server\\node_modules\\express-async-errors\\index.js:16:20)\n    at Layer.handle [as handle_request] (C:\\Users\\USER\\Documents\\Dev_Eddy\\Server\\node_modules\\express\\lib\\router\\layer.js:95:5)\n    at next (C:\\Users\\USER\\Documents\\Dev_Eddy\\Server\\node_modules\\express\\lib\\router\\route.js:144:13)\n    at Route.dispatch (C:\\Users\\USER\\Documents\\Dev_Eddy\\Server\\node_modules\\express\\lib\\router\\route.js:114:3)"}
{"level":"info","message":"Connected to database...","service":"user-service"}
{"level":"info","message":"Connected to database...","service":"user-service"}
{"level":"info","message":"Connected to database...","service":"user-service"}
{"level":"info","message":"Connected to database...","service":"user-service"}
{"level":"info","message":"Connected to database...","service":"user-service"}
{"level":"error","message":"Cannot read properties of undefined (reading '_id') Cannot read properties of undefined (reading '_id')","service":"user-service","stack":"TypeError: Cannot read properties of undefined (reading '_id')\n    at createPost (C:\\Users\\USER\\Documents\\Dev_Eddy\\Server\\controllers\\blogpost.js:7:27)\n    at createPost (C:\\Users\\USER\\Documents\\Dev_Eddy\\Server\\controllers\\blogpost.js:8:22)\n    at newFn (C:\\Users\\USER\\Documents\\Dev_Eddy\\Server\\node_modules\\express-async-errors\\index.js:16:20)\n    at Layer.handle [as handle_request] (C:\\Users\\USER\\Documents\\Dev_Eddy\\Server\\node_modules\\express\\lib\\router\\layer.js:95:5)\n    at next (C:\\Users\\USER\\Documents\\Dev_Eddy\\Server\\node_modules\\express\\lib\\router\\route.js:144:13)\n    at auth (C:\\Users\\USER\\Documents\\Dev_Eddy\\Server\\middleware\\auth.js:13:5)\n    at newFn (C:\\Users\\USER\\Documents\\Dev_Eddy\\Server\\node_modules\\express-async-errors\\index.js:16:20)\n    at Layer.handle [as handle_request] (C:\\Users\\USER\\Documents\\Dev_Eddy\\Server\\node_modules\\express\\lib\\router\\layer.js:95:5)\n    at next (C:\\Users\\USER\\Documents\\Dev_Eddy\\Server\\node_modules\\express\\lib\\router\\route.js:144:13)\n    at Route.dispatch (C:\\Users\\USER\\Documents\\Dev_Eddy\\Server\\node_modules\\express\\lib\\router\\route.js:114:3)"}
{"level":"info","message":"Connected to database...","service":"user-service"}
{"level":"error","message":"Cannot read properties of undefined (reading '_id') Cannot read properties of undefined (reading '_id')","service":"user-service","stack":"TypeError: Cannot read properties of undefined (reading '_id')\n    at createPost (C:\\Users\\USER\\Documents\\Dev_Eddy\\Server\\controllers\\blogpost.js:7:27)\n    at createPost (C:\\Users\\USER\\Documents\\Dev_Eddy\\Server\\controllers\\blogpost.js:8:22)\n    at newFn (C:\\Users\\USER\\Documents\\Dev_Eddy\\Server\\node_modules\\express-async-errors\\index.js:16:20)\n    at Layer.handle [as handle_request] (C:\\Users\\USER\\Documents\\Dev_Eddy\\Server\\node_modules\\express\\lib\\router\\layer.js:95:5)\n    at next (C:\\Users\\USER\\Documents\\Dev_Eddy\\Server\\node_modules\\express\\lib\\router\\route.js:144:13)\n    at auth (C:\\Users\\USER\\Documents\\Dev_Eddy\\Server\\middleware\\auth.js:13:5)\n    at newFn (C:\\Users\\USER\\Documents\\Dev_Eddy\\Server\\node_modules\\express-async-errors\\index.js:16:20)\n    at Layer.handle [as handle_request] (C:\\Users\\USER\\Documents\\Dev_Eddy\\Server\\node_modules\\express\\lib\\router\\layer.js:95:5)\n    at next (C:\\Users\\USER\\Documents\\Dev_Eddy\\Server\\node_modules\\express\\lib\\router\\route.js:144:13)\n    at Route.dispatch (C:\\Users\\USER\\Documents\\Dev_Eddy\\Server\\node_modules\\express\\lib\\router\\route.js:114:3)"}
{"level":"info","message":"Connected to database...","service":"user-service"}
{"level":"error","message":"Cannot read properties of undefined (reading '_id') Cannot read properties of undefined (reading '_id')","service":"user-service","stack":"TypeError: Cannot read properties of undefined (reading '_id')\n    at createPost (C:\\Users\\USER\\Documents\\Dev_Eddy\\Server\\controllers\\blogpost.js:7:33)\n    at createPost (C:\\Users\\USER\\Documents\\Dev_Eddy\\Server\\controllers\\blogpost.js:8:22)\n    at process.processTicksAndRejections (node:internal/process/task_queues:95:5)"}
{"level":"error","message":"Cannot read properties of undefined (reading '_id') Cannot read properties of undefined (reading '_id')","service":"user-service","stack":"TypeError: Cannot read properties of undefined (reading '_id')\n    at createPost (C:\\Users\\USER\\Documents\\Dev_Eddy\\Server\\controllers\\blogpost.js:7:33)\n    at createPost (C:\\Users\\USER\\Documents\\Dev_Eddy\\Server\\controllers\\blogpost.js:8:22)\n    at process.processTicksAndRejections (node:internal/process/task_queues:95:5)"}
{"level":"info","message":"Connected to database...","service":"user-service"}
{"level":"info","message":"Connected to database...","service":"user-service"}
{"level":"info","message":"Connected to database...","service":"user-service"}
{"level":"info","message":"Connected to database...","service":"user-service"}
{"level":"info","message":"Connected to database...","service":"user-service"}
{"level":"info","message":"Connected to database...","service":"user-service"}
{"level":"error","message":"res is not defined res is not defined","service":"user-service","stack":"ReferenceError: res is not defined\n    at createBlogPost (C:\\Users\\USER\\Documents\\Dev_Eddy\\Server\\service\\post.js:5:14)\n    at createPost (C:\\Users\\USER\\Documents\\Dev_Eddy\\Server\\controllers\\blogpost.js:9:24)\n    at newFn (C:\\Users\\USER\\Documents\\Dev_Eddy\\Server\\node_modules\\express-async-errors\\index.js:16:20)\n    at Layer.handle [as handle_request] (C:\\Users\\USER\\Documents\\Dev_Eddy\\Server\\node_modules\\express\\lib\\router\\layer.js:95:5)\n    at next (C:\\Users\\USER\\Documents\\Dev_Eddy\\Server\\node_modules\\express\\lib\\router\\route.js:144:13)\n    at auth (C:\\Users\\USER\\Documents\\Dev_Eddy\\Server\\middleware\\auth.js:13:5)\n    at newFn (C:\\Users\\USER\\Documents\\Dev_Eddy\\Server\\node_modules\\express-async-errors\\index.js:16:20)\n    at Layer.handle [as handle_request] (C:\\Users\\USER\\Documents\\Dev_Eddy\\Server\\node_modules\\express\\lib\\router\\layer.js:95:5)\n    at next (C:\\Users\\USER\\Documents\\Dev_Eddy\\Server\\node_modules\\express\\lib\\router\\route.js:144:13)\n    at Route.dispatch (C:\\Users\\USER\\Documents\\Dev_Eddy\\Server\\node_modules\\express\\lib\\router\\route.js:114:3)"}
{"level":"error","message":"res is not defined res is not defined","service":"user-service","stack":"ReferenceError: res is not defined\n    at createBlogPost (C:\\Users\\USER\\Documents\\Dev_Eddy\\Server\\service\\post.js:5:14)\n    at createPost (C:\\Users\\USER\\Documents\\Dev_Eddy\\Server\\controllers\\blogpost.js:9:24)\n    at newFn (C:\\Users\\USER\\Documents\\Dev_Eddy\\Server\\node_modules\\express-async-errors\\index.js:16:20)\n    at Layer.handle [as handle_request] (C:\\Users\\USER\\Documents\\Dev_Eddy\\Server\\node_modules\\express\\lib\\router\\layer.js:95:5)\n    at next (C:\\Users\\USER\\Documents\\Dev_Eddy\\Server\\node_modules\\express\\lib\\router\\route.js:144:13)\n    at auth (C:\\Users\\USER\\Documents\\Dev_Eddy\\Server\\middleware\\auth.js:13:5)\n    at newFn (C:\\Users\\USER\\Documents\\Dev_Eddy\\Server\\node_modules\\express-async-errors\\index.js:16:20)\n    at Layer.handle [as handle_request] (C:\\Users\\USER\\Documents\\Dev_Eddy\\Server\\node_modules\\express\\lib\\router\\layer.js:95:5)\n    at next (C:\\Users\\USER\\Documents\\Dev_Eddy\\Server\\node_modules\\express\\lib\\router\\route.js:144:13)\n    at Route.dispatch (C:\\Users\\USER\\Documents\\Dev_Eddy\\Server\\node_modules\\express\\lib\\router\\route.js:114:3)"}
{"level":"info","message":"Connected to database...","service":"user-service"}
{"level":"info","message":"Connected to database...","service":"user-service"}
{"body":"\n\n\n\n\n}\r\n\r\n{\r\n    \n    \"description\":\"long live dev eddy\",\r\n    \"post\":\"Long live king eddy\"\r\n}","expose":true,"level":"error","message":"Unexpected token } in JSON at position 5 Unexpected token } in JSON at position 5","service":"user-service","stack":"SyntaxError: Unexpected token } in JSON at position 5\n    at JSON.parse (<anonymous>)\n    at createStrictSyntaxError (C:\\Users\\USER\\Documents\\Dev_Eddy\\Server\\node_modules\\body-parser\\lib\\types\\json.js:160:10)\n    at parse (C:\\Users\\USER\\Documents\\Dev_Eddy\\Server\\node_modules\\body-parser\\lib\\types\\json.js:83:15)\n    at C:\\Users\\USER\\Documents\\Dev_Eddy\\Server\\node_modules\\body-parser\\lib\\read.js:128:18\n    at AsyncResource.runInAsyncScope (node:async_hooks:203:9)\n    at invokeCallback (C:\\Users\\USER\\Documents\\Dev_Eddy\\Server\\node_modules\\raw-body\\index.js:231:16)\n    at done (C:\\Users\\USER\\Documents\\Dev_Eddy\\Server\\node_modules\\raw-body\\index.js:220:7)\n    at IncomingMessage.onEnd (C:\\Users\\USER\\Documents\\Dev_Eddy\\Server\\node_modules\\raw-body\\index.js:280:7)\n    at IncomingMessage.emit (node:events:514:28)\n    at endReadableNT (node:internal/streams/readable:1359:12)","status":400,"statusCode":400,"type":"entity.parse.failed"}
{"level":"info","message":"Connected to database...","service":"user-service"}
{"level":"info","message":"Connected to database...","service":"user-service"}
{"level":"info","message":"Connected to database...","service":"user-service"}
{"level":"info","message":"Connected to database...","service":"user-service"}
{"level":"info","message":"Connected to database...","service":"user-service"}
{"level":"info","message":"Connected to database...","service":"user-service"}
{"level":"info","message":"Connected to database...","service":"user-service"}
{"level":"info","message":"Connected to database...","service":"user-service"}
{"level":"info","message":"Connected to database...","service":"user-service"}
{"level":"info","message":"Connected to database...","service":"user-service"}
{"level":"info","message":"Connected to database...","service":"user-service"}
{"level":"info","message":"Connected to database...","service":"user-service"}
{"level":"info","message":"Connected to database...","service":"user-service"}
{"kind":"ObjectId","level":"error","message":"Cast to ObjectId failed for value \"653b740c29a52545057c6a115\" (type string) at path \"_id\" for model \"Post\" Cast to ObjectId failed for value \"653b740c29a52545057c6a115\" (type string) at path \"_id\" for model \"Post\"","path":"_id","reason":{},"service":"user-service","stack":"CastError: Cast to ObjectId failed for value \"653b740c29a52545057c6a115\" (type string) at path \"_id\" for model \"Post\"\n    at ObjectId.cast (C:\\Users\\USER\\Documents\\Dev_Eddy\\Server\\node_modules\\mongoose\\lib\\schema\\objectid.js:250:11)\n    at SchemaType.applySetters (C:\\Users\\USER\\Documents\\Dev_Eddy\\Server\\node_modules\\mongoose\\lib\\schematype.js:1220:12)\n    at SchemaType.castForQuery (C:\\Users\\USER\\Documents\\Dev_Eddy\\Server\\node_modules\\mongoose\\lib\\schematype.js:1632:15)\n    at cast (C:\\Users\\USER\\Documents\\Dev_Eddy\\Server\\node_modules\\mongoose\\lib\\cast.js:370:32)\n    at Query.cast (C:\\Users\\USER\\Documents\\Dev_Eddy\\Server\\node_modules\\mongoose\\lib\\query.js:4911:12)\n    at Query._castConditions (C:\\Users\\USER\\Documents\\Dev_Eddy\\Server\\node_modules\\mongoose\\lib\\query.js:2232:10)\n    at model.Query._findOne (C:\\Users\\USER\\Documents\\Dev_Eddy\\Server\\node_modules\\mongoose\\lib\\query.js:2519:8)\n    at model.Query.exec (C:\\Users\\USER\\Documents\\Dev_Eddy\\Server\\node_modules\\mongoose\\lib\\query.js:4430:28)\n    at process.processTicksAndRejections (node:internal/process/task_queues:95:5)\n    at async getSinglePost (C:\\Users\\USER\\Documents\\Dev_Eddy\\Server\\service\\post.js:24:16)","stringValue":"\"653b740c29a52545057c6a115\"","value":"653b740c29a52545057c6a115","valueType":"string"}
{"kind":"ObjectId","level":"error","message":"Cast to ObjectId failed for value \"653b740c29a52545057c6a115\" (type string) at path \"_id\" for model \"Post\" Cast to ObjectId failed for value \"653b740c29a52545057c6a115\" (type string) at path \"_id\" for model \"Post\"","path":"_id","reason":{},"service":"user-service","stack":"CastError: Cast to ObjectId failed for value \"653b740c29a52545057c6a115\" (type string) at path \"_id\" for model \"Post\"\n    at ObjectId.cast (C:\\Users\\USER\\Documents\\Dev_Eddy\\Server\\node_modules\\mongoose\\lib\\schema\\objectid.js:250:11)\n    at SchemaType.applySetters (C:\\Users\\USER\\Documents\\Dev_Eddy\\Server\\node_modules\\mongoose\\lib\\schematype.js:1220:12)\n    at SchemaType.castForQuery (C:\\Users\\USER\\Documents\\Dev_Eddy\\Server\\node_modules\\mongoose\\lib\\schematype.js:1632:15)\n    at cast (C:\\Users\\USER\\Documents\\Dev_Eddy\\Server\\node_modules\\mongoose\\lib\\cast.js:370:32)\n    at Query.cast (C:\\Users\\USER\\Documents\\Dev_Eddy\\Server\\node_modules\\mongoose\\lib\\query.js:4911:12)\n    at Query._castConditions (C:\\Users\\USER\\Documents\\Dev_Eddy\\Server\\node_modules\\mongoose\\lib\\query.js:2232:10)\n    at model.Query._findOne (C:\\Users\\USER\\Documents\\Dev_Eddy\\Server\\node_modules\\mongoose\\lib\\query.js:2519:8)\n    at model.Query.exec (C:\\Users\\USER\\Documents\\Dev_Eddy\\Server\\node_modules\\mongoose\\lib\\query.js:4430:28)\n    at process.processTicksAndRejections (node:internal/process/task_queues:95:5)\n    at async getSinglePost (C:\\Users\\USER\\Documents\\Dev_Eddy\\Server\\service\\post.js:24:16)","stringValue":"\"653b740c29a52545057c6a115\"","value":"653b740c29a52545057c6a115","valueType":"string"}
{"level":"info","message":"Connected to database...","service":"user-service"}
{"level":"info","message":"Connected to database...","service":"user-service"}
{"level":"info","message":"Connected to database...","service":"user-service"}
{"level":"info","message":"Connected to database...","service":"user-service"}
{"level":"info","message":"Connected to database...","service":"user-service"}
{"level":"info","message":"Connected to database...","service":"user-service"}
